虚拟用户脚本已从 : 2019-01-07 13:50:34 启动
正在开始操作 vuser_init。
Windows 7 版 LoadRunner 11.0.0 的 Web Turbo 重播; 内部版本 8859 (Aug 18 2010 20:14:31)  	[MsgId: MMSG-27143]
Run Mode: HTML  	[MsgId: MMSG-26000]
运行时设置文件: "C:\Users\Administrator\Desktop\addUser11\\default.cfg"  	[MsgId: MMSG-27141]
正在结束操作 vuser_init。
正在运行 Vuser...
正在开始迭代 1。
正在开始操作 Action。
Action.c(4): web_custom_request("remoteSqlService") 已成功，9 个正文字节，133 个标头字节，10 个成块开销字节  	[MsgId: MMSG-26385]
Action.c(16): web_custom_request("remoteSqlService_2") 已成功，11 个正文字节，133 个标头字节，10 个成块开销字节  	[MsgId: MMSG-26385]
Action.c(28): web_custom_request("remoteSqlService_3") 已成功，195 个正文字节，133 个标头字节，11 个成块开销字节  	[MsgId: MMSG-26385]
Action.c(40): web_custom_request("remoteSqlService_4") 已成功，327 个正文字节，133 个标头字节，12 个成块开销字节  	[MsgId: MMSG-26385]
Action.c(52): web_custom_request("remoteSqlService_5") 已成功，327 个正文字节，133 个标头字节，12 个成块开销字节  	[MsgId: MMSG-26385]
Action.c(64): web_custom_request("remoteSqlService_6") 已成功，11 个正文字节，133 个标头字节，10 个成块开销字节  	[MsgId: MMSG-26385]
Action.c(76): web_custom_request("remoteSqlService_7") 已成功，11 个正文字节，133 个标头字节，10 个成块开销字节  	[MsgId: MMSG-26385]
Action.c(88): web_custom_request("remoteSqlService_8") 已成功，327 个正文字节，133 个标头字节，12 个成块开销字节  	[MsgId: MMSG-26385]
Action.c(100): web_custom_request("remoteSqlService_9") 已成功，3118 个正文字节，133 个标头字节，12 个成块开销字节  	[MsgId: MMSG-26385]
Action.c(112): web_custom_request("remoteSqlService_10") 已成功，86737 个正文字节，133 个标头字节，93 个成块开销字节  	[MsgId: MMSG-26385]
Action.c(124): web_custom_request("remoteSqlService_11") 已成功，195 个正文字节，133 个标头字节，11 个成块开销字节  	[MsgId: MMSG-26385]
Action.c(138): 通知: 事务 "login" 已启动。
Action.c(140): web_custom_request("remoteSqlService_12") 已成功，11 个正文字节，133 个标头字节，10 个成块开销字节  	[MsgId: MMSG-26385]
Action.c(152): web_custom_request("remoteSqlService_13") 已成功，35867 个正文字节，133 个标头字节，44 个成块开销字节  	[MsgId: MMSG-26385]
Action.c(164): web_custom_request("remoteSqlService_14") 已成功，93340 个正文字节，133 个标头字节，100 个成块开销字节  	[MsgId: MMSG-26385]
Action.c(176): web_custom_request("remoteSqlService_15") 已成功，86737 个正文字节，133 个标头字节，93 个成块开销字节  	[MsgId: MMSG-26385]
Action.c(188): web_custom_request("remoteSqlService_16") 已成功，93340 个正文字节，133 个标头字节，100 个成块开销字节  	[MsgId: MMSG-26385]
Action.c(200): web_custom_request("remoteSqlService_17") 已成功，34 个正文字节，133 个标头字节，11 个成块开销字节  	[MsgId: MMSG-26385]
Action.c(212): web_custom_request("remoteSqlService_18") 已成功，1107 个正文字节，133 个标头字节，12 个成块开销字节  	[MsgId: MMSG-26385]
Action.c(224): web_custom_request("remoteSqlService_19") 已成功，2922 个正文字节，133 个标头字节，12 个成块开销字节  	[MsgId: MMSG-26385]
Action.c(236): web_custom_request("remoteSqlService_20") 已成功，151435 个正文字节，133 个标头字节，156 个成块开销字节  	[MsgId: MMSG-26385]
Action.c(248): web_custom_request("remoteSqlService_21") 已成功，3785 个正文字节，133 个标头字节，12 个成块开销字节  	[MsgId: MMSG-26385]
Action.c(260): web_custom_request("remoteSqlService_22") 已成功，26282 个正文字节，133 个标头字节，36 个成块开销字节  	[MsgId: MMSG-26385]
Action.c(272): web_custom_request("remoteSqlService_23") 已成功，90 个正文字节，133 个标头字节，11 个成块开销字节  	[MsgId: MMSG-26385]
Action.c(284): web_custom_request("remoteSqlService_24") 已成功，3118 个正文字节，133 个标头字节，12 个成块开销字节  	[MsgId: MMSG-26385]
Action.c(296): web_custom_request("remoteSqlService_25") 已成功，17929 个正文字节，133 个标头字节，28 个成块开销字节  	[MsgId: MMSG-26385]
Action.c(308): web_custom_request("remoteSqlService_26") 已成功，1107 个正文字节，133 个标头字节，12 个成块开销字节  	[MsgId: MMSG-26385]
Action.c(320): web_custom_request("remoteSqlService_27") 已成功，66214 个正文字节，133 个标头字节，76 个成块开销字节  	[MsgId: MMSG-26385]
Action.c(332): web_custom_request("remoteSqlService_28") 已成功，1430997 个正文字节，133 个标头字节，1405 个成块开销字节  	[MsgId: MMSG-26385]
Action.c(344): web_custom_request("remoteSqlService_29") 已成功，3448541 个正文字节，133 个标头字节，3373 个成块开销字节  	[MsgId: MMSG-26385]
Action.c(357): web_custom_request("remoteSqlService_30") 已成功，11 个正文字节，133 个标头字节，10 个成块开销字节  	[MsgId: MMSG-26385]
Action.c(369): web_custom_request("remoteSqlService_31") 已成功，11 个正文字节，133 个标头字节，10 个成块开销字节  	[MsgId: MMSG-26385]
Action.c(381): web_custom_request("remoteSqlService_32") 已成功，11 个正文字节，133 个标头字节，10 个成块开销字节  	[MsgId: MMSG-26385]
Action.c(393): web_custom_request("remoteSqlService_33") 已成功，11 个正文字节，133 个标头字节，10 个成块开销字节  	[MsgId: MMSG-26385]
Action.c(405): web_custom_request("remoteSqlService_34") 已成功，11 个正文字节，133 个标头字节，10 个成块开销字节  	[MsgId: MMSG-26385]
Action.c(417): web_custom_request("remoteSqlService_35") 已成功，11 个正文字节，133 个标头字节，10 个成块开销字节  	[MsgId: MMSG-26385]
Action.c(429): web_custom_request("remoteSqlService_36") 已成功，11 个正文字节，133 个标头字节，10 个成块开销字节  	[MsgId: MMSG-26385]
Action.c(441): web_custom_request("remoteSqlService_37") 已成功，11 个正文字节，133 个标头字节，10 个成块开销字节  	[MsgId: MMSG-26385]
Action.c(453): web_custom_request("remoteSqlService_38") 已成功，11 个正文字节，133 个标头字节，10 个成块开销字节  	[MsgId: MMSG-26385]
Action.c(465): web_custom_request("remoteSqlService_39") 已成功，11 个正文字节，133 个标头字节，10 个成块开销字节  	[MsgId: MMSG-26385]
Action.c(477): web_custom_request("remoteSqlService_40") 已成功，11 个正文字节，133 个标头字节，10 个成块开销字节  	[MsgId: MMSG-26385]
Action.c(489): web_custom_request("remoteSqlService_41") 已成功，11 个正文字节，133 个标头字节，10 个成块开销字节  	[MsgId: MMSG-26385]
Action.c(501): web_custom_request("remoteSqlService_42") 已成功，11 个正文字节，133 个标头字节，10 个成块开销字节  	[MsgId: MMSG-26385]
Action.c(513): web_custom_request("remoteSqlService_43") 已成功，11 个正文字节，133 个标头字节，10 个成块开销字节  	[MsgId: MMSG-26385]
Action.c(525): web_custom_request("remoteSqlService_44") 已成功，11 个正文字节，133 个标头字节，10 个成块开销字节  	[MsgId: MMSG-26385]
Action.c(537): web_custom_request("remoteSqlService_45") 已成功，11 个正文字节，133 个标头字节，10 个成块开销字节  	[MsgId: MMSG-26385]
Action.c(549): web_custom_request("remoteSqlService_46") 已成功，11 个正文字节，133 个标头字节，10 个成块开销字节  	[MsgId: MMSG-26385]
Action.c(561): web_custom_request("remoteSqlService_47") 已成功，11 个正文字节，133 个标头字节，10 个成块开销字节  	[MsgId: MMSG-26385]
Action.c(573): web_custom_request("remoteSqlService_48") 已成功，11 个正文字节，133 个标头字节，10 个成块开销字节  	[MsgId: MMSG-26385]
Action.c(585): web_custom_request("remoteSqlService_49") 已成功，11 个正文字节，133 个标头字节，10 个成块开销字节  	[MsgId: MMSG-26385]
Action.c(597): web_custom_request("remoteSqlService_50") 已成功，11 个正文字节，133 个标头字节，10 个成块开销字节  	[MsgId: MMSG-26385]
Action.c(609): web_custom_request("remoteSqlService_51") 已成功，11 个正文字节，133 个标头字节，10 个成块开销字节  	[MsgId: MMSG-26385]
Action.c(621): web_custom_request("remoteSqlService_52") 已成功，11 个正文字节，133 个标头字节，10 个成块开销字节  	[MsgId: MMSG-26385]
Action.c(633): web_custom_request("remoteSqlService_53") 已成功，11 个正文字节，133 个标头字节，10 个成块开销字节  	[MsgId: MMSG-26385]
Action.c(645): web_custom_request("remoteSqlService_54") 已成功，11 个正文字节，133 个标头字节，10 个成块开销字节  	[MsgId: MMSG-26385]
Action.c(657): web_custom_request("remoteSqlService_55") 已成功，11 个正文字节，133 个标头字节，10 个成块开销字节  	[MsgId: MMSG-26385]
Action.c(669): web_custom_request("remoteSqlService_56") 已成功，11 个正文字节，133 个标头字节，10 个成块开销字节  	[MsgId: MMSG-26385]
Action.c(681): web_custom_request("remoteSqlService_57") 已成功，11 个正文字节，133 个标头字节，10 个成块开销字节  	[MsgId: MMSG-26385]
Action.c(693): web_custom_request("remoteSqlService_58") 已成功，11 个正文字节，133 个标头字节，10 个成块开销字节  	[MsgId: MMSG-26385]
Action.c(705): web_custom_request("remoteSqlService_59") 已成功，11 个正文字节，133 个标头字节，10 个成块开销字节  	[MsgId: MMSG-26385]
Action.c(717): web_custom_request("remoteSqlService_60") 已成功，11 个正文字节，133 个标头字节，10 个成块开销字节  	[MsgId: MMSG-26385]
Action.c(729): web_custom_request("remoteSqlService_61") 已成功，11 个正文字节，133 个标头字节，10 个成块开销字节  	[MsgId: MMSG-26385]
Action.c(741): web_custom_request("remoteSqlService_62") 已成功，94 个正文字节，133 个标头字节，11 个成块开销字节  	[MsgId: MMSG-26385]
Action.c(754): web_custom_request("remoteSqlService_63") 已成功，29 个正文字节，133 个标头字节，11 个成块开销字节  	[MsgId: MMSG-26385]
Action.c(766): web_custom_request("remoteSqlService_64") 已成功，27941 个正文字节，133 个标头字节，36 个成块开销字节  	[MsgId: MMSG-26385]
Action.c(778): web_custom_request("remoteSqlService_65") 已成功，121 个正文字节，133 个标头字节，11 个成块开销字节  	[MsgId: MMSG-26385]
Action.c(790): web_custom_request("remoteSqlService_66") 已成功，23115 个正文字节，133 个标头字节，29 个成块开销字节  	[MsgId: MMSG-26385]
Action.c(803): web_custom_request("remoteSqlService_67") 已成功，89 个正文字节，133 个标头字节，11 个成块开销字节  	[MsgId: MMSG-26385]
Action.c(815): web_custom_request("remoteSqlService_68") 已成功，89 个正文字节，133 个标头字节，11 个成块开销字节  	[MsgId: MMSG-26385]
Action.c(827): web_custom_request("remoteSqlService_69") 已成功，87 个正文字节，133 个标头字节，11 个成块开销字节  	[MsgId: MMSG-26385]
Action.c(839): web_custom_request("remoteSqlService_70") 已成功，87 个正文字节，133 个标头字节，11 个成块开销字节  	[MsgId: MMSG-26385]
Action.c(851): web_custom_request("remoteSqlService_71") 已成功，1107 个正文字节，133 个标头字节，12 个成块开销字节  	[MsgId: MMSG-26385]
Action.c(863): web_custom_request("remoteSqlService_72") 已成功，5117 个正文字节，133 个标头字节，13 个成块开销字节  	[MsgId: MMSG-26385]
Action.c(875): web_custom_request("remoteSqlService_73") 已成功，86 个正文字节，133 个标头字节，11 个成块开销字节  	[MsgId: MMSG-26385]
Action.c(887): web_custom_request("remoteSqlService_74") 已成功，11 个正文字节，133 个标头字节，10 个成块开销字节  	[MsgId: MMSG-26385]
Action.c(899): web_custom_request("remoteSqlService_75") 已成功，20793 个正文字节，133 个标头字节，29 个成块开销字节  	[MsgId: MMSG-26385]
Action.c(911): web_custom_request("remoteSqlService_76") 已成功，151435 个正文字节，133 个标头字节，156 个成块开销字节  	[MsgId: MMSG-26385]
Action.c(923): web_custom_request("remoteSqlService_77") 已成功，87 个正文字节，133 个标头字节，11 个成块开销字节  	[MsgId: MMSG-26385]
Action.c(935): web_custom_request("remoteSqlService_78") 已成功，89 个正文字节，133 个标头字节，11 个成块开销字节  	[MsgId: MMSG-26385]
Action.c(947): web_custom_request("remoteSqlService_79") 已成功，11 个正文字节，133 个标头字节，10 个成块开销字节  	[MsgId: MMSG-26385]
Action.c(959): web_custom_request("remoteSqlService_80") 已成功，84 个正文字节，133 个标头字节，11 个成块开销字节  	[MsgId: MMSG-26385]
Action.c(971): web_custom_request("remoteSqlService_81") 已成功，84 个正文字节，133 个标头字节，11 个成块开销字节  	[MsgId: MMSG-26385]
Action.c(983): web_custom_request("remoteSqlService_82") 已成功，12924 个正文字节，133 个标头字节，21 个成块开销字节  	[MsgId: MMSG-26385]
Action.c(995): web_custom_request("remoteSqlService_83") 已成功，84 个正文字节，133 个标头字节，11 个成块开销字节  	[MsgId: MMSG-26385]
Action.c(1007): 通知: 事务 "login" 以 "Pass" 状态结束 (持续时间: 9.0847 浪费的时间: 1.1962)。
Action.c(1011): web_custom_request("remoteSqlService_84") 已成功，136177 个正文字节，133 个标头字节，141 个成块开销字节  	[MsgId: MMSG-26385]
Action.c(1023): web_custom_request("remoteSqlService_85") 已成功，89 个正文字节，133 个标头字节，11 个成块开销字节  	[MsgId: MMSG-26385]
Action.c(1035): web_custom_request("remoteSqlService_86") 已成功，3118 个正文字节，133 个标头字节，12 个成块开销字节  	[MsgId: MMSG-26385]
Action.c(1047): web_custom_request("remoteSqlService_87") 已成功，400 个正文字节，133 个标头字节，12 个成块开销字节  	[MsgId: MMSG-26385]
Action.c(1061): 通知: 事务 "adduser-sgjdb" 已启动。
Action.c(1063): web_custom_request("remoteSqlService_88") 已成功，29 个正文字节，133 个标头字节，11 个成块开销字节  	[MsgId: MMSG-26385]
Action.c(1075): web_custom_request("remoteSqlService_89") 已成功，9 个正文字节，133 个标头字节，10 个成块开销字节  	[MsgId: MMSG-26385]
Action.c(1088): 通知: 事务 "adduser-sgjdb" 以 "Pass" 状态结束 (持续时间: 0.2612 浪费的时间: 0.0028)。
Action.c(1092): web_custom_request("remoteSqlService_90") 已成功，89 个正文字节，133 个标头字节，11 个成块开销字节  	[MsgId: MMSG-26385]
Action.c(1104): web_custom_request("remoteSqlService_91") 已成功，761218 个正文字节，133 个标头字节，749 个成块开销字节  	[MsgId: MMSG-26385]
Action.c(1119): 通知: 事务 "szzt" 已启动。
Action.c(1121): web_custom_request("remoteSqlService_92") 已成功，6285 个正文字节，133 个标头字节，13 个成块开销字节  	[MsgId: MMSG-26385]
Action.c(1133): web_custom_request("remoteSqlService_93") 已成功，88 个正文字节，133 个标头字节，11 个成块开销字节  	[MsgId: MMSG-26385]
Action.c(1145): web_custom_request("remoteSqlService_94") 已成功，283 个正文字节，133 个标头字节，12 个成块开销字节  	[MsgId: MMSG-26385]
Action.c(1157): web_custom_request("remoteSqlService_95") 已成功，283 个正文字节，133 个标头字节，12 个成块开销字节  	[MsgId: MMSG-26385]
Action.c(1171): web_custom_request("remoteSqlService_96") 已成功，6285 个正文字节，133 个标头字节，13 个成块开销字节  	[MsgId: MMSG-26385]
Action.c(1183): web_custom_request("remoteSqlService_97") 已成功，88 个正文字节，133 个标头字节，11 个成块开销字节  	[MsgId: MMSG-26385]
Action.c(1195): web_custom_request("remoteSqlService_98") 已成功，379 个正文字节，133 个标头字节，12 个成块开销字节  	[MsgId: MMSG-26385]
Action.c(1207): web_custom_request("remoteSqlService_99") 已成功，6285 个正文字节，133 个标头字节，13 个成块开销字节  	[MsgId: MMSG-26385]
Action.c(1219): web_custom_request("remoteSqlService_100") 已成功，88 个正文字节，152 个标头字节，11 个成块开销字节  	[MsgId: MMSG-26385]
Action.c(1231): web_custom_request("remoteSqlService_101") 已成功，283 个正文字节，133 个标头字节，12 个成块开销字节  	[MsgId: MMSG-26385]
Action.c(1243): web_custom_request("remoteSqlService_102") 已成功，283 个正文字节，133 个标头字节，12 个成块开销字节  	[MsgId: MMSG-26385]
Action.c(1257): web_custom_request("remoteSqlService_103") 已成功，9 个正文字节，133 个标头字节，10 个成块开销字节  	[MsgId: MMSG-26385]
Action.c(1272): web_custom_request("remoteSqlService_104") 已成功，6285 个正文字节，133 个标头字节，13 个成块开销字节  	[MsgId: MMSG-26385]
Action.c(1284): web_custom_request("remoteSqlService_105") 已成功，88 个正文字节，133 个标头字节，11 个成块开销字节  	[MsgId: MMSG-26385]
Action.c(1296): web_custom_request("remoteSqlService_106") 已成功，283 个正文字节，133 个标头字节，12 个成块开销字节  	[MsgId: MMSG-26385]
Action.c(1308): 通知: 事务 "szzt" 以 "Pass" 状态结束 (持续时间: 2.2307 浪费的时间: 0.0251)。
Action.c(1312): 通知: 事务 "logout" 已启动。
Action.c(1314): web_custom_request("remoteSqlService_107") 已成功，9 个正文字节，133 个标头字节，10 个成块开销字节  	[MsgId: MMSG-26385]
Action.c(1326): web_custom_request("remoteSqlService_108") 已成功，11 个正文字节，133 个标头字节，10 个成块开销字节  	[MsgId: MMSG-26385]
Action.c(1338): web_custom_request("remoteSqlService_109") 已成功，195 个正文字节，133 个标头字节，11 个成块开销字节  	[MsgId: MMSG-26385]
Action.c(1350): web_custom_request("remoteSqlService_110") 已成功，327 个正文字节，133 个标头字节，12 个成块开销字节  	[MsgId: MMSG-26385]
Action.c(1362): web_custom_request("remoteSqlService_111") 已成功，327 个正文字节，133 个标头字节，12 个成块开销字节  	[MsgId: MMSG-26385]
Action.c(1374): web_custom_request("remoteSqlService_112") 已成功，11 个正文字节，133 个标头字节，10 个成块开销字节  	[MsgId: MMSG-26385]
Action.c(1386): web_custom_request("remoteSqlService_113") 已成功，11 个正文字节，133 个标头字节，10 个成块开销字节  	[MsgId: MMSG-26385]
Action.c(1398): web_custom_request("remoteSqlService_114") 已成功，327 个正文字节，133 个标头字节，12 个成块开销字节  	[MsgId: MMSG-26385]
Action.c(1410): web_custom_request("remoteSqlService_115") 已成功，3118 个正文字节，133 个标头字节，12 个成块开销字节  	[MsgId: MMSG-26385]
Action.c(1422): web_custom_request("remoteSqlService_116") 已成功，86737 个正文字节，133 个标头字节，93 个成块开销字节  	[MsgId: MMSG-26385]
Action.c(1434): web_custom_request("remoteSqlService_117") 已成功，195 个正文字节，133 个标头字节，11 个成块开销字节  	[MsgId: MMSG-26385]
Action.c(1446): 通知: 事务 "logout" 以 "Pass" 状态结束 (持续时间: 1.5542 浪费的时间: 0.0192)。
正在结束操作 Action。
正在结束迭代 1。
正在结束 Vuser...
正在开始操作 vuser_end。
正在结束操作 vuser_end。
Vuser 已终止。
